-------------------------------------------------------------------------------
Test set: modelo.usuarioTest
-------------------------------------------------------------------------------
Tests run: 6, Failures: 5, Errors: 0, Skipped: 0, Time elapsed: 0.122 sec <<< FAILURE!
modelo.usuarioTest.testSetRol()  Time elapsed: 0.067 sec  <<< FAILURE!
org.opentest4j.AssertionFailedError: The test case is a prototype.
	at org.junit.jupiter.api.AssertionUtils.fail(AssertionUtils.java:38)
	at org.junit.jupiter.api.Assertions.fail(Assertions.java:134)
	at modelo.usuarioTest.testSetRol(usuarioTest.java:63)

modelo.usuarioTest.testSetPassword()  Time elapsed: 0.001 sec  <<< FAILURE!
org.opentest4j.AssertionFailedError: The test case is a prototype.
	at org.junit.jupiter.api.AssertionUtils.fail(AssertionUtils.java:38)
	at org.junit.jupiter.api.Assertions.fail(Assertions.java:134)
	at modelo.usuarioTest.testSetPassword(usuarioTest.java:119)

modelo.usuarioTest.testGetPassword()  Time elapsed: 0.041 sec  <<< FAILURE!
org.opentest4j.AssertionFailedError: expected: <> but was: <null>
	at org.junit.jupiter.api.AssertionFailureBuilder.build(AssertionFailureBuilder.java:151)
	at org.junit.jupiter.api.AssertionFailureBuilder.buildAndThrow(AssertionFailureBuilder.java:132)
	at org.junit.jupiter.api.AssertEquals.failNotEqual(AssertEquals.java:197)
	at org.junit.jupiter.api.AssertEquals.assertEquals(AssertEquals.java:182)
	at org.junit.jupiter.api.AssertEquals.assertEquals(AssertEquals.java:177)
	at org.junit.jupiter.api.Assertions.assertEquals(Assertions.java:1141)
	at modelo.usuarioTest.testGetPassword(usuarioTest.java:104)

modelo.usuarioTest.testGetUsuario()  Time elapsed: 0.004 sec  <<< FAILURE!
org.opentest4j.AssertionFailedError: expected: <> but was: <null>
	at org.junit.jupiter.api.AssertionFailureBuilder.build(AssertionFailureBuilder.java:151)
	at org.junit.jupiter.api.AssertionFailureBuilder.buildAndThrow(AssertionFailureBuilder.java:132)
	at org.junit.jupiter.api.AssertEquals.failNotEqual(AssertEquals.java:197)
	at org.junit.jupiter.api.AssertEquals.assertEquals(AssertEquals.java:182)
	at org.junit.jupiter.api.AssertEquals.assertEquals(AssertEquals.java:177)
	at org.junit.jupiter.api.Assertions.assertEquals(Assertions.java:1141)
	at modelo.usuarioTest.testGetUsuario(usuarioTest.java:75)

modelo.usuarioTest.testGetRol()  Time elapsed: 0.002 sec  <<< FAILURE!
org.opentest4j.AssertionFailedError: The test case is a prototype.
	at org.junit.jupiter.api.AssertionUtils.fail(AssertionUtils.java:38)
	at org.junit.jupiter.api.Assertions.fail(Assertions.java:134)
	at modelo.usuarioTest.testGetRol(usuarioTest.java:50)

