-------------------------------------------------------------------------------
Test set: modelo.consultarUsuarioTest
-------------------------------------------------------------------------------
Tests run: 1, Failures: 1, Errors: 0, Skipped: 0, Time elapsed: 1.839 sec <<< FAILURE!
modelo.consultarUsuarioTest.testLog()  Time elapsed: 1.838 sec  <<< FAILURE!
java.lang.NullPointerException: Cannot invoke "modelo.usuario.getPassword()" because "user" is null
	at modelo.consultarUsuario.log(consultarUsuario.java:23)
	at modelo.consultarUsuarioTest.testLog(consultarUsuarioTest.java:48)

