<?xml version="1.0" encoding="UTF-8" ?>
<testsuite tests="1" failures="1" name="modelo.consultarUsuarioTest" time="2.087" errors="0" skipped="0">
  <properties>
[...]
</properties>
  <testcase classname="modelo.consultarUsuarioTest" name="modelo.consultarUsuarioTest.testLog" time="2.087">
    <failure message="The test case is a prototype." type="org.opentest4j.AssertionFailedError">org.opentest4j.AssertionFailedError: The test case is a prototype.
	at org.junit.jupiter.api.AssertionUtils.fail(AssertionUtils.java:38)
	at org.junit.jupiter.api.Assertions.fail(Assertions.java:134)
	at modelo.consultarUsuarioTest.testLog(consultarUsuarioTest.java:51)
</failure>
    <system-out>log
</system-out>
  </testcase>
</testsuite>